<?xml version="1.0" encoding="UTF-8"?>
<!-- Generated by org.testng.reporters.JUnitXMLReporter -->
<testsuite hostname="DESKTOP-UKFFJ6S" ignored="0" name="end to end test" tests="8" failures="0" timestamp="2020-04-30T15:30:48 CEST" time="187.383" errors="0">
  <testcase name="clickContact" time="2.97" classname="Com.freeCRM.Testcases.HomePage"/>
  <testcase name="titleTest" time="5.309" classname="Com.freeCRM.Testcases.LoginPage"/>
  <testcase name="titleTest" time="4.299" classname="Com.freeCRM.Testcases.LoginPage"/>
  <testcase name="titleTest" time="4.809" classname="Com.freeCRM.Testcases.LoginPage"/>
  <testcase name="titleTest" time="5.877" classname="Com.freeCRM.Testcases.LoginPage"/>
  <testcase name="addContact" time="11.455" classname="Com.freeCRM.Testcases.ContactPageTest"/>
  <testcase name="addContact" time="12.335" classname="Com.freeCRM.Testcases.ContactPageTest"/>
  <testcase name="addContact" time="12.719" classname="Com.freeCRM.Testcases.ContactPageTest"/>
</testsuite> <!-- end to end test -->
